<?xml version="1.0" encoding="UTF-8"?>
<!-- Generated by org.testng.reporters.JUnitXMLReporter -->
<testsuite ignored="0" hostname="namans-MacBook-Air.local" failures="0" tests="2" name="Default test" time="9.912" errors="0" timestamp="2026-02-13T15:52:14 IST">
  <testcase classname="com.selenium.testing.Project1_Online_E_Commerce_Website_Automation.testCases.individualTests.LoginPageTest" name="testInvalidLogin" time="0.742"/>
  <testcase classname="com.selenium.testing.Project1_Online_E_Commerce_Website_Automation.testCases.individualTests.LoginPageTest" name="testValidLogin" time="1.2"/>
</testsuite> <!-- Default test -->
