<?xml version="1.0" encoding="UTF-8"?>
<!-- Generated by org.testng.reporters.JUnitXMLReporter -->
<testsuite ignored="0" hostname="LAPTOP-KGQA2LRI" failures="0" tests="7" name="Default test" time="99.033" errors="0" timestamp="2026-02-13T15:26:13 IST">
  <testcase classname="com.selenium.testing.Project1_Online_E_Commerce_Website_Automation.testCases.RegisterPageTest" name="TC_REG_01_validRegistration" time="7.311"/>
  <testcase classname="com.selenium.testing.Project1_Online_E_Commerce_Website_Automation.testCases.RegisterPageTest" name="TC_REG_02_firstNameBlank" time="3.747"/>
  <testcase classname="com.selenium.testing.Project1_Online_E_Commerce_Website_Automation.testCases.RegisterPageTest" name="TC_REG_03_lastNameBlank" time="6.594"/>
  <testcase classname="com.selenium.testing.Project1_Online_E_Commerce_Website_Automation.testCases.RegisterPageTest" name="TC_REG_04_invalidEmail" time="4.422"/>
  <testcase classname="com.selenium.testing.Project1_Online_E_Commerce_Website_Automation.testCases.RegisterPageTest" name="TC_REG_05_duplicateEmail" time="11.8"/>
  <testcase classname="com.selenium.testing.Project1_Online_E_Commerce_Website_Automation.testCases.RegisterPageTest" name="TC_REG_06_passwordMismatch" time="4.785"/>
  <testcase classname="com.selenium.testing.Project1_Online_E_Commerce_Website_Automation.testCases.RegisterPageTest" name="TC_REG_07_shortPassword" time="3.337"/>
</testsuite> <!-- Default test -->
