<?xml version="1.0" encoding="UTF-8"?>
<testng-results ignored="0" total="2" passed="2" failed="0" skipped="0">
  <reporter-output>
  </reporter-output>
  <suite started-at="2026-02-13T15:52:04 IST" name="Default suite" finished-at="2026-02-13T15:52:14 IST" duration-ms="9912">
    <groups>
    </groups>
    <test started-at="2026-02-13T15:52:04 IST" name="Default test" finished-at="2026-02-13T15:52:14 IST" duration-ms="9912">
      <class name="com.selenium.testing.Project1_Online_E_Commerce_Website_Automation.testCases.individualTests.LoginPageTest">
        <test-method is-config="true" signature="atStart()[pri:0, instance:com.selenium.testing.Project1_Online_E_Commerce_Website_Automation.testCases.individualTests.LoginPageTest@619bfe29]" started-at="2026-02-13T15:52:04 IST" name="atStart" finished-at="2026-02-13T15:52:09 IST" duration-ms="4851" status="PASS">
          <reporter-output>
          </reporter-output>
        </test-method> <!-- atStart -->
        <test-method is-config="true" signature="setUpPage()[pri:0, instance:com.selenium.testing.Project1_Online_E_Commerce_Website_Automation.testCases.individualTests.LoginPageTest@619bfe29]" started-at="2026-02-13T15:52:09 IST" name="setUpPage" finished-at="2026-02-13T15:52:09 IST" duration-ms="4" status="PASS">
          <reporter-output>
          </reporter-output>
        </test-method> <!-- setUpPage -->
        <test-method signature="testInvalidLogin()[pri:0, instance:com.selenium.testing.Project1_Online_E_Commerce_Website_Automation.testCases.individualTests.LoginPageTest@619bfe29]" started-at="2026-02-13T15:52:09 IST" name="testInvalidLogin" finished-at="2026-02-13T15:52:10 IST" duration-ms="742" status="PASS">
          <reporter-output>
          </reporter-output>
        </test-method> <!-- testInvalidLogin -->
        <test-method is-config="true" signature="setUpPage()[pri:0, instance:com.selenium.testing.Project1_Online_E_Commerce_Website_Automation.testCases.individualTests.LoginPageTest@619bfe29]" started-at="2026-02-13T15:52:10 IST" name="setUpPage" finished-at="2026-02-13T15:52:10 IST" duration-ms="0" status="PASS">
          <reporter-output>
          </reporter-output>
        </test-method> <!-- setUpPage -->
        <test-method signature="testValidLogin()[pri:0, instance:com.selenium.testing.Project1_Online_E_Commerce_Website_Automation.testCases.individualTests.LoginPageTest@619bfe29]" started-at="2026-02-13T15:52:10 IST" name="testValidLogin" finished-at="2026-02-13T15:52:11 IST" duration-ms="1200" status="PASS">
          <reporter-output>
          </reporter-output>
        </test-method> <!-- testValidLogin -->
        <test-method is-config="true" signature="atEnd()[pri:0, instance:com.selenium.testing.Project1_Online_E_Commerce_Website_Automation.testCases.individualTests.LoginPageTest@619bfe29]" started-at="2026-02-13T15:52:11 IST" name="atEnd" finished-at="2026-02-13T15:52:14 IST" duration-ms="3099" status="PASS">
          <reporter-output>
          </reporter-output>
        </test-method> <!-- atEnd -->
      </class> <!-- com.selenium.testing.Project1_Online_E_Commerce_Website_Automation.testCases.individualTests.LoginPageTest -->
    </test> <!-- Default test -->
  </suite> <!-- Default suite -->
</testng-results>
