<?xml version="1.0" encoding="UTF-8"?>
<testng-results ignored="0" total="1" passed="1" failed="0" skipped="0">
  <reporter-output>
  </reporter-output>
  <suite started-at="2026-02-12T20:30:42 IST" name="Login Page" finished-at="2026-02-12T20:30:58 IST" duration-ms="16502">
    <groups>
    </groups>
    <test started-at="2026-02-12T20:30:42 IST" name="Login Test" finished-at="2026-02-12T20:30:58 IST" duration-ms="16502">
      <class name="com.selenium.testing.Project1_Online_E_Commerce_Website_Automation.testCases.individualTests.LoginPageTest">
        <test-method is-config="true" signature="atStart()[pri:0, instance:com.selenium.testing.Project1_Online_E_Commerce_Website_Automation.testCases.individualTests.LoginPageTest@2ece4966]" started-at="2026-02-12T20:30:42 IST" name="atStart" finished-at="2026-02-12T20:30:54 IST" duration-ms="12414" status="PASS">
          <reporter-output>
          </reporter-output>
        </test-method> <!-- atStart -->
        <test-method signature="loginPageTest()[pri:0, instance:com.selenium.testing.Project1_Online_E_Commerce_Website_Automation.testCases.individualTests.LoginPageTest@2ece4966]" started-at="2026-02-12T20:30:54 IST" name="loginPageTest" finished-at="2026-02-12T20:30:55 IST" duration-ms="976" status="PASS">
          <reporter-output>
          </reporter-output>
        </test-method> <!-- loginPageTest -->
        <test-method is-config="true" signature="atEnd()[pri:0, instance:com.selenium.testing.Project1_Online_E_Commerce_Website_Automation.testCases.individualTests.LoginPageTest@2ece4966]" started-at="2026-02-12T20:30:55 IST" name="atEnd" finished-at="2026-02-12T20:30:58 IST" duration-ms="3101" status="PASS">
          <reporter-output>
          </reporter-output>
        </test-method> <!-- atEnd -->
      </class> <!-- com.selenium.testing.Project1_Online_E_Commerce_Website_Automation.testCases.individualTests.LoginPageTest -->
    </test> <!-- Login Test -->
  </suite> <!-- Login Page -->
</testng-results>
