<?xml version="1.0" encoding="UTF-8"?>
<testng-results ignored="0" total="1" passed="1" failed="0" skipped="0">
  <reporter-output>
  </reporter-output>
  <suite started-at="2026-02-11T16:05:26 IST" name="Default suite" finished-at="2026-02-11T16:05:38 IST" duration-ms="11470">
    <groups>
    </groups>
    <test started-at="2026-02-11T16:05:26 IST" name="Default test" finished-at="2026-02-11T16:05:38 IST" duration-ms="11470">
      <class name="com.selenium.testing.Project1_Online_E_Commerce_Website_Automation.testCases.LoginPageTest">
        <test-method is-config="true" signature="atStart()[pri:0, instance:com.selenium.testing.Project1_Online_E_Commerce_Website_Automation.testCases.LoginPageTest@58be6e8]" started-at="2026-02-11T16:05:26 IST" name="atStart" finished-at="2026-02-11T16:05:33 IST" duration-ms="6622" status="PASS">
          <reporter-output>
          </reporter-output>
        </test-method> <!-- atStart -->
        <test-method signature="loginPageTest()[pri:0, instance:com.selenium.testing.Project1_Online_E_Commerce_Website_Automation.testCases.LoginPageTest@58be6e8]" started-at="2026-02-11T16:05:33 IST" name="loginPageTest" finished-at="2026-02-11T16:05:35 IST" duration-ms="1734" status="PASS">
          <reporter-output>
          </reporter-output>
        </test-method> <!-- loginPageTest -->
        <test-method is-config="true" signature="atEnd()[pri:0, instance:com.selenium.testing.Project1_Online_E_Commerce_Website_Automation.testCases.LoginPageTest@58be6e8]" started-at="2026-02-11T16:05:35 IST" name="atEnd" finished-at="2026-02-11T16:05:38 IST" duration-ms="3102" status="PASS">
          <reporter-output>
          </reporter-output>
        </test-method> <!-- atEnd -->
      </class> <!-- com.selenium.testing.Project1_Online_E_Commerce_Website_Automation.testCases.LoginPageTest -->
    </test> <!-- Default test -->
  </suite> <!-- Default suite -->
</testng-results>
