<?xml version="1.0" encoding="UTF-8"?>
<testng-results ignored="0" total="7" passed="7" failed="0" skipped="0">
  <reporter-output>
  </reporter-output>
  <suite started-at="2026-02-13T15:24:34 IST" name="Default suite" finished-at="2026-02-13T15:26:13 IST" duration-ms="99033">
    <groups>
    </groups>
    <test started-at="2026-02-13T15:24:34 IST" name="Default test" finished-at="2026-02-13T15:26:13 IST" duration-ms="99033">
      <class name="com.selenium.testing.Project1_Online_E_Commerce_Website_Automation.testCases.RegisterPageTest">
        <test-method is-config="true" signature="atStart()[pri:0, instance:com.selenium.testing.Project1_Online_E_Commerce_Website_Automation.testCases.RegisterPageTest@2c9399a4]" started-at="2026-02-13T15:24:34 IST" name="atStart" finished-at="2026-02-13T15:24:47 IST" duration-ms="13389" status="PASS">
          <reporter-output>
          </reporter-output>
        </test-method> <!-- atStart -->
        <test-method is-config="true" signature="setupTest()[pri:0, instance:com.selenium.testing.Project1_Online_E_Commerce_Website_Automation.testCases.RegisterPageTest@2c9399a4]" started-at="2026-02-13T15:24:47 IST" name="setupTest" finished-at="2026-02-13T15:24:54 IST" duration-ms="6358" status="PASS">
          <reporter-output>
          </reporter-output>
        </test-method> <!-- setupTest -->
        <test-method signature="TC_REG_01_validRegistration()[pri:0, instance:com.selenium.testing.Project1_Online_E_Commerce_Website_Automation.testCases.RegisterPageTest@2c9399a4]" started-at="2026-02-13T15:24:54 IST" name="TC_REG_01_validRegistration" finished-at="2026-02-13T15:25:01 IST" duration-ms="7311" status="PASS">
          <reporter-output>
          </reporter-output>
        </test-method> <!-- TC_REG_01_validRegistration -->
        <test-method is-config="true" signature="setupTest()[pri:0, instance:com.selenium.testing.Project1_Online_E_Commerce_Website_Automation.testCases.RegisterPageTest@2c9399a4]" started-at="2026-02-13T15:25:01 IST" name="setupTest" finished-at="2026-02-13T15:25:03 IST" duration-ms="1718" status="PASS">
          <reporter-output>
          </reporter-output>
        </test-method> <!-- setupTest -->
        <test-method signature="TC_REG_02_firstNameBlank()[pri:0, instance:com.selenium.testing.Project1_Online_E_Commerce_Website_Automation.testCases.RegisterPageTest@2c9399a4]" started-at="2026-02-13T15:25:03 IST" name="TC_REG_02_firstNameBlank" finished-at="2026-02-13T15:25:07 IST" duration-ms="3747" status="PASS">
          <reporter-output>
          </reporter-output>
        </test-method> <!-- TC_REG_02_firstNameBlank -->
        <test-method is-config="true" signature="setupTest()[pri:0, instance:com.selenium.testing.Project1_Online_E_Commerce_Website_Automation.testCases.RegisterPageTest@2c9399a4]" started-at="2026-02-13T15:25:07 IST" name="setupTest" finished-at="2026-02-13T15:25:12 IST" duration-ms="5791" status="PASS">
          <reporter-output>
          </reporter-output>
        </test-method> <!-- setupTest -->
        <test-method signature="TC_REG_03_lastNameBlank()[pri:0, instance:com.selenium.testing.Project1_Online_E_Commerce_Website_Automation.testCases.RegisterPageTest@2c9399a4]" started-at="2026-02-13T15:25:12 IST" name="TC_REG_03_lastNameBlank" finished-at="2026-02-13T15:25:19 IST" duration-ms="6594" status="PASS">
          <reporter-output>
          </reporter-output>
        </test-method> <!-- TC_REG_03_lastNameBlank -->
        <test-method is-config="true" signature="setupTest()[pri:0, instance:com.selenium.testing.Project1_Online_E_Commerce_Website_Automation.testCases.RegisterPageTest@2c9399a4]" started-at="2026-02-13T15:25:19 IST" name="setupTest" finished-at="2026-02-13T15:25:25 IST" duration-ms="5849" status="PASS">
          <reporter-output>
          </reporter-output>
        </test-method> <!-- setupTest -->
        <test-method signature="TC_REG_04_invalidEmail()[pri:0, instance:com.selenium.testing.Project1_Online_E_Commerce_Website_Automation.testCases.RegisterPageTest@2c9399a4]" started-at="2026-02-13T15:25:25 IST" name="TC_REG_04_invalidEmail" finished-at="2026-02-13T15:25:29 IST" duration-ms="4422" status="PASS">
          <reporter-output>
          </reporter-output>
        </test-method> <!-- TC_REG_04_invalidEmail -->
        <test-method is-config="true" signature="setupTest()[pri:0, instance:com.selenium.testing.Project1_Online_E_Commerce_Website_Automation.testCases.RegisterPageTest@2c9399a4]" started-at="2026-02-13T15:25:29 IST" name="setupTest" finished-at="2026-02-13T15:25:35 IST" duration-ms="5878" status="PASS">
          <reporter-output>
          </reporter-output>
        </test-method> <!-- setupTest -->
        <test-method signature="TC_REG_05_duplicateEmail()[pri:0, instance:com.selenium.testing.Project1_Online_E_Commerce_Website_Automation.testCases.RegisterPageTest@2c9399a4]" started-at="2026-02-13T15:25:35 IST" name="TC_REG_05_duplicateEmail" finished-at="2026-02-13T15:25:47 IST" duration-ms="11800" status="PASS">
          <reporter-output>
          </reporter-output>
        </test-method> <!-- TC_REG_05_duplicateEmail -->
        <test-method is-config="true" signature="setupTest()[pri:0, instance:com.selenium.testing.Project1_Online_E_Commerce_Website_Automation.testCases.RegisterPageTest@2c9399a4]" started-at="2026-02-13T15:25:47 IST" name="setupTest" finished-at="2026-02-13T15:25:53 IST" duration-ms="5840" status="PASS">
          <reporter-output>
          </reporter-output>
        </test-method> <!-- setupTest -->
        <test-method signature="TC_REG_06_passwordMismatch()[pri:0, instance:com.selenium.testing.Project1_Online_E_Commerce_Website_Automation.testCases.RegisterPageTest@2c9399a4]" started-at="2026-02-13T15:25:53 IST" name="TC_REG_06_passwordMismatch" finished-at="2026-02-13T15:25:58 IST" duration-ms="4785" status="PASS">
          <reporter-output>
          </reporter-output>
        </test-method> <!-- TC_REG_06_passwordMismatch -->
        <test-method is-config="true" signature="setupTest()[pri:0, instance:com.selenium.testing.Project1_Online_E_Commerce_Website_Automation.testCases.RegisterPageTest@2c9399a4]" started-at="2026-02-13T15:25:58 IST" name="setupTest" finished-at="2026-02-13T15:26:03 IST" duration-ms="5712" status="PASS">
          <reporter-output>
          </reporter-output>
        </test-method> <!-- setupTest -->
        <test-method signature="TC_REG_07_shortPassword()[pri:0, instance:com.selenium.testing.Project1_Online_E_Commerce_Website_Automation.testCases.RegisterPageTest@2c9399a4]" started-at="2026-02-13T15:26:03 IST" name="TC_REG_07_shortPassword" finished-at="2026-02-13T15:26:07 IST" duration-ms="3337" status="PASS">
          <reporter-output>
          </reporter-output>
        </test-method> <!-- TC_REG_07_shortPassword -->
        <test-method is-config="true" signature="atEnd()[pri:0, instance:com.selenium.testing.Project1_Online_E_Commerce_Website_Automation.testCases.RegisterPageTest@2c9399a4]" started-at="2026-02-13T15:26:07 IST" name="atEnd" finished-at="2026-02-13T15:26:13 IST" duration-ms="6285" status="PASS">
          <reporter-output>
          </reporter-output>
        </test-method> <!-- atEnd -->
      </class> <!-- com.selenium.testing.Project1_Online_E_Commerce_Website_Automation.testCases.RegisterPageTest -->
    </test> <!-- Default test -->
  </suite> <!-- Default suite -->
</testng-results>
