<?xml version="1.0" encoding="UTF-8"?>
<!-- Generated by org.testng.reporters.JUnitReportReporter -->
<testsuite hostname="LAPTOP-KGQA2LRI" failures="0" tests="7" name="com.selenium.testing.Project1_Online_E_Commerce_Website_Automation.testCases.RegisterPageTest" time="79.142" errors="0" timestamp="2026-02-13T15:26:14 IST" skipped="0">
  <testcase classname="com.selenium.testing.Project1_Online_E_Commerce_Website_Automation.testCases.RegisterPageTest" name="TC_REG_01_validRegistration" time="9.029"/>
  <testcase classname="com.selenium.testing.Project1_Online_E_Commerce_Website_Automation.testCases.RegisterPageTest" name="TC_REG_06_passwordMismatch" time="10.625"/>
  <testcase classname="com.selenium.testing.Project1_Online_E_Commerce_Website_Automation.testCases.RegisterPageTest" name="TC_REG_05_duplicateEmail" time="18.158"/>
  <testcase classname="com.selenium.testing.Project1_Online_E_Commerce_Website_Automation.testCases.RegisterPageTest" name="TC_REG_04_invalidEmail" time="10.300"/>
  <testcase classname="com.selenium.testing.Project1_Online_E_Commerce_Website_Automation.testCases.RegisterPageTest" name="TC_REG_07_shortPassword" time="9.186"/>
  <testcase classname="com.selenium.testing.Project1_Online_E_Commerce_Website_Automation.testCases.RegisterPageTest" name="TC_REG_02_firstNameBlank" time="9.459"/>
  <testcase classname="com.selenium.testing.Project1_Online_E_Commerce_Website_Automation.testCases.RegisterPageTest" name="TC_REG_03_lastNameBlank" time="12.385"/>
</testsuite> <!-- com.selenium.testing.Project1_Online_E_Commerce_Website_Automation.testCases.RegisterPageTest -->
