<?xml version="1.0" encoding="UTF-8"?>
<!-- Generated by org.testng.reporters.JUnitReportReporter -->
<testsuite hostname="namans-MacBook-Air.local" failures="0" tests="1" name="com.selenium.testing.Project1_Online_E_Commerce_Website_Automation.testCases.individualTests.LoginPageTest" time="0.976" errors="0" timestamp="2026-02-12T20:30:58 IST" skipped="0">
  <testcase classname="com.selenium.testing.Project1_Online_E_Commerce_Website_Automation.testCases.individualTests.LoginPageTest" name="loginPageTest" time="0.976"/>
</testsuite> <!-- com.selenium.testing.Project1_Online_E_Commerce_Website_Automation.testCases.individualTests.LoginPageTest -->
