<?xml version="1.0" encoding="UTF-8"?>
<!-- Generated by org.testng.reporters.JUnitReportReporter -->
<testsuite hostname="namans-MacBook-Air.local" failures="0" tests="1" name="com.selenium.testing.Project1_Online_E_Commerce_Website_Automation.testCases.LoginPageTest" time="1.734" errors="0" timestamp="2026-02-11T16:05:38 IST" skipped="0">
  <testcase classname="com.selenium.testing.Project1_Online_E_Commerce_Website_Automation.testCases.LoginPageTest" name="loginPageTest" time="1.734"/>
</testsuite> <!-- com.selenium.testing.Project1_Online_E_Commerce_Website_Automation.testCases.LoginPageTest -->
