<?xml version="1.0" encoding="UTF-8"?>
<!-- Generated by org.testng.reporters.JUnitReportReporter -->
<testsuite hostname="LAPTOP-KGQA2LRI" failures="0" tests="5" name="com.selenium.testing.Project1_Online_E_Commerce_Website_Automation.testCases.CustomerServiceTest" time="5.520" errors="0" timestamp="2026-02-12T15:58:48 IST" skipped="0">
  <testcase classname="com.selenium.testing.Project1_Online_E_Commerce_Website_Automation.testCases.CustomerServiceTest" name="verifyNewsPageNavigation" time="0.935"/>
  <testcase classname="com.selenium.testing.Project1_Online_E_Commerce_Website_Automation.testCases.CustomerServiceTest" name="verifyNewProducts" time="1.315"/>
  <testcase classname="com.selenium.testing.Project1_Online_E_Commerce_Website_Automation.testCases.CustomerServiceTest" name="verifySearchPageNavigation" time="1.099"/>
  <testcase classname="com.selenium.testing.Project1_Online_E_Commerce_Website_Automation.testCases.CustomerServiceTest" name="verifyRecentlyViewedProductsNavigation" time="0.733"/>
  <testcase classname="com.selenium.testing.Project1_Online_E_Commerce_Website_Automation.testCases.CustomerServiceTest" name="verifyCompareProducts" time="1.438"/>
</testsuite> <!-- com.selenium.testing.Project1_Online_E_Commerce_Website_Automation.testCases.CustomerServiceTest -->
